Determining if the pthread_create exist failed with the following output:
Change Dir: /Storage/Files/build/ppsspp/build/CMakeFiles/CMakeTmp

Run Build Command:"/usr/bin/make" "cmTC_2875d/fast"
/usr/bin/make -f CMakeFiles/cmTC_2875d.dir/build.make CMakeFiles/cmTC_2875d.dir/build
make[1]: Entering directory '/Storage/Files/build/ppsspp/build/CMakeFiles/CMakeTmp'
Building C object CMakeFiles/cmTC_2875d.dir/CheckSymbolExists.c.o
/usr/bin/arm-linux-gnueabihf-gcc-8    -o CMakeFiles/cmTC_2875d.dir/CheckSymbolExists.c.o   -c /Storage/Files/build/ppsspp/build/CMakeFiles/CMakeTmp/CheckSymbolExists.c
Linking C executable cmTC_2875d
/usr/bin/cmake -E cmake_link_script CMakeFiles/cmTC_2875d.dir/link.txt --verbose=1
/usr/bin/arm-linux-gnueabihf-gcc-8      CMakeFiles/cmTC_2875d.dir/CheckSymbolExists.c.o  -o cmTC_2875d 
CMakeFiles/cmTC_2875d.dir/CheckSymbolExists.c.o: In function `main':
CheckSymbolExists.c:(.text+0x2c): undefined reference to `pthread_create'
collect2: error: ld returned 1 exit status
CMakeFiles/cmTC_2875d.dir/build.make:97: recipe for target 'cmTC_2875d' failed
make[1]: *** [cmTC_2875d] Error 1
make[1]: Leaving directory '/Storage/Files/build/ppsspp/build/CMakeFiles/CMakeTmp'
Makefile:126: recipe for target 'cmTC_2875d/fast' failed
make: *** [cmTC_2875d/fast] Error 2

File /Storage/Files/build/ppsspp/build/CMakeFiles/CMakeTmp/CheckSymbolExists.c:
/* */
#include <pthread.h>

int main(int argc, char** argv)
{
  (void)argv;
#ifndef pthread_create
  return ((int*)(&pthread_create))[argc];
#else
  (void)argc;
  return 0;
#endif
}

Determining if the function pthread_create exists in the pthreads failed with the following output:
Change Dir: /Storage/Files/build/ppsspp/build/CMakeFiles/CMakeTmp

Run Build Command:"/usr/bin/make" "cmTC_0834a/fast"
/usr/bin/make -f CMakeFiles/cmTC_0834a.dir/build.make CMakeFiles/cmTC_0834a.dir/build
make[1]: Entering directory '/Storage/Files/build/ppsspp/build/CMakeFiles/CMakeTmp'
Building C object CMakeFiles/cmTC_0834a.dir/CheckFunctionExists.c.o
/usr/bin/arm-linux-gnueabihf-gcc-8   -DCHECK_FUNCTION_EXISTS=pthread_create   -o CMakeFiles/cmTC_0834a.dir/CheckFunctionExists.c.o   -c /usr/share/cmake-3.10/Modules/CheckFunctionExists.c
Linking C executable cmTC_0834a
/usr/bin/cmake -E cmake_link_script CMakeFiles/cmTC_0834a.dir/link.txt --verbose=1
/usr/bin/arm-linux-gnueabihf-gcc-8  -DCHECK_FUNCTION_EXISTS=pthread_create    CMakeFiles/cmTC_0834a.dir/CheckFunctionExists.c.o  -o cmTC_0834a -lpthreads 
/usr/lib/gcc-cross/arm-linux-gnueabihf/8/../../../../arm-linux-gnueabihf/bin/ld: cannot find -lpthreads
collect2: error: ld returned 1 exit status
CMakeFiles/cmTC_0834a.dir/build.make:97: recipe for target 'cmTC_0834a' failed
make[1]: *** [cmTC_0834a] Error 1
make[1]: Leaving directory '/Storage/Files/build/ppsspp/build/CMakeFiles/CMakeTmp'
Makefile:126: recipe for target 'cmTC_0834a/fast' failed
make: *** [cmTC_0834a/fast] Error 2


